This is pdfTeX, Version 3.14159265-2.6-1.40.19 (TeX Live 2018) (preloaded format=pdflatex 2018.4.16)  26 MAY 2019 15:26
entering extended mode
 restricted \write18 enabled.
 %&-line parsing enabled.
**electrodynamics1.tex
(./electrodynamics1.tex
LaTeX2e <2018-04-01> patch level 2
Babel <3.18> and hyphenation patterns for 84 language(s) loaded.
(/usr/local/texlive/2018/texmf-dist/tex/latex/base/book.cls
Document Class: book 2014/09/29 v1.4h Standard LaTeX document class
(/usr/local/texlive/2018/texmf-dist/tex/latex/base/bk10.clo
File: bk10.clo 2014/09/29 v1.4h Standard LaTeX file (size option)
)
\c@part=\count80
\c@chapter=\count81
\c@section=\count82
\c@subsection=\count83
\c@subsubsection=\count84
\c@paragraph=\count85
\c@subparagraph=\count86
\c@figure=\count87
\c@table=\count88
\abovecaptionskip=\skip41
\belowcaptionskip=\skip42
\bibindent=\dimen102
)
(/usr/local/texlive/2018/texmf-dist/tex/latex/base/inputenc.sty
Package: inputenc 2018/04/06 v1.3b Input encoding file
\inpenc@prehook=\toks14
\inpenc@posthook=\toks15
)
(/usr/local/texlive/2018/texmf-dist/tex/latex/amsmath/amsmath.sty
Package: amsmath 2017/09/02 v2.17a AMS math features
\@mathmargin=\skip43

For additional information on amsmath, use the `?' option.
(/usr/local/texlive/2018/texmf-dist/tex/latex/amsmath/amstext.sty
Package: amstext 2000/06/29 v2.01 AMS text

(/usr/local/texlive/2018/texmf-dist/tex/latex/amsmath/amsgen.sty
File: amsgen.sty 1999/11/30 v2.0 generic functions
\@emptytoks=\toks16
\ex@=\dimen103
))
(/usr/local/texlive/2018/texmf-dist/tex/latex/amsmath/amsbsy.sty
Package: amsbsy 1999/11/29 v1.2d Bold Symbols
\pmbraise@=\dimen104
)
(/usr/local/texlive/2018/texmf-dist/tex/latex/amsmath/amsopn.sty
Package: amsopn 2016/03/08 v2.02 operator names
)
\inf@bad=\count89
LaTeX Info: Redefining \frac on input line 213.
\uproot@=\count90
\leftroot@=\count91
LaTeX Info: Redefining \overline on input line 375.
\classnum@=\count92
\DOTSCASE@=\count93
LaTeX Info: Redefining \ldots on input line 472.
LaTeX Info: Redefining \dots on input line 475.
LaTeX Info: Redefining \cdots on input line 596.
\Mathstrutbox@=\box26
\strutbox@=\box27
\big@size=\dimen105
LaTeX Font Info:    Redeclaring font encoding OML on input line 712.
LaTeX Font Info:    Redeclaring font encoding OMS on input line 713.
\macc@depth=\count94
\c@MaxMatrixCols=\count95
\dotsspace@=\muskip10
\c@parentequation=\count96
\dspbrk@lvl=\count97
\tag@help=\toks17
\row@=\count98
\column@=\count99
\maxfields@=\count100
\andhelp@=\toks18
\eqnshift@=\dimen106
\alignsep@=\dimen107
\tagshift@=\dimen108
\tagwidth@=\dimen109
\totwidth@=\dimen110
\lineht@=\dimen111
\@envbody=\toks19
\multlinegap=\skip44
\multlinetaggap=\skip45
\mathdisplay@stack=\toks20
LaTeX Info: Redefining \[ on input line 2817.
LaTeX Info: Redefining \] on input line 2818.
)
(/usr/local/texlive/2018/texmf-dist/tex/latex/amsfonts/amsfonts.sty
Package: amsfonts 2013/01/14 v3.01 Basic AMSFonts support
\symAMSa=\mathgroup4
\symAMSb=\mathgroup5
LaTeX Font Info:    Overwriting math alphabet `\mathfrak' in version `bold'
(Font)                  U/euf/m/n --> U/euf/b/n on input line 106.
)
(/usr/local/texlive/2018/texmf-dist/tex/latex/amsfonts/amssymb.sty
Package: amssymb 2013/01/14 v3.01 AMS font symbols
)
(/usr/local/texlive/2018/texmf-dist/tex/latex/graphics/graphicx.sty
Package: graphicx 2017/06/01 v1.1a Enhanced LaTeX Graphics (DPC,SPQR)

(/usr/local/texlive/2018/texmf-dist/tex/latex/graphics/keyval.sty
Package: keyval 2014/10/28 v1.15 key=value parser (DPC)
\KV@toks@=\toks21
)
(/usr/local/texlive/2018/texmf-dist/tex/latex/graphics/graphics.sty
Package: graphics 2017/06/25 v1.2c Standard LaTeX Graphics (DPC,SPQR)

(/usr/local/texlive/2018/texmf-dist/tex/latex/graphics/trig.sty
Package: trig 2016/01/03 v1.10 sin cos tan (DPC)
)
(/usr/local/texlive/2018/texmf-dist/tex/latex/graphics-cfg/graphics.cfg
File: graphics.cfg 2016/06/04 v1.11 sample graphics configuration
)
Package graphics Info: Driver file: pdftex.def on input line 99.

(/usr/local/texlive/2018/texmf-dist/tex/latex/graphics-def/pdftex.def
File: pdftex.def 2018/01/08 v1.0l Graphics/color driver for pdftex
))
\Gin@req@height=\dimen112
\Gin@req@width=\dimen113
)
(./electrodynamics1.aux

LaTeX Warning: Label `eq:SpherePotential' multiply defined.

)
\openout1 = `electrodynamics1.aux'.

LaTeX Font Info:    Checking defaults for OML/cmm/m/it on input line 8.
LaTeX Font Info:    ... okay on input line 8.
LaTeX Font Info:    Checking defaults for T1/cmr/m/n on input line 8.
LaTeX Font Info:    ... okay on input line 8.
LaTeX Font Info:    Checking defaults for OT1/cmr/m/n on input line 8.
LaTeX Font Info:    ... okay on input line 8.
LaTeX Font Info:    Checking defaults for OMS/cmsy/m/n on input line 8.
LaTeX Font Info:    ... okay on input line 8.
LaTeX Font Info:    Checking defaults for OMX/cmex/m/n on input line 8.
LaTeX Font Info:    ... okay on input line 8.
LaTeX Font Info:    Checking defaults for U/cmr/m/n on input line 8.
LaTeX Font Info:    ... okay on input line 8.
 (/usr/local/texlive/2018/texmf-dist/tex/context/base/mkii/supp-pdf.mkii
[Loading MPS to PDF converter (version 2006.09.02).]
\scratchcounter=\count101
\scratchdimen=\dimen114
\scratchbox=\box28
\nofMPsegments=\count102
\nofMParguments=\count103
\everyMPshowfont=\toks22
\MPscratchCnt=\count104
\MPscratchDim=\dimen115
\MPnumerator=\count105
\makeMPintoPDFobject=\count106
\everyMPtoPDFconversion=\toks23
) (/usr/local/texlive/2018/texmf-dist/tex/latex/oberdiek/epstopdf-base.sty
Package: epstopdf-base 2016/05/15 v2.6 Base part for package epstopdf

(/usr/local/texlive/2018/texmf-dist/tex/generic/oberdiek/infwarerr.sty
Package: infwarerr 2016/05/16 v1.4 Providing info/warning/error messages (HO)
)
(/usr/local/texlive/2018/texmf-dist/tex/latex/oberdiek/grfext.sty
Package: grfext 2016/05/16 v1.2 Manage graphics extensions (HO)

(/usr/local/texlive/2018/texmf-dist/tex/generic/oberdiek/kvdefinekeys.sty
Package: kvdefinekeys 2016/05/16 v1.4 Define keys (HO)

(/usr/local/texlive/2018/texmf-dist/tex/generic/oberdiek/ltxcmds.sty
Package: ltxcmds 2016/05/16 v1.23 LaTeX kernel commands for general use (HO)
)))
(/usr/local/texlive/2018/texmf-dist/tex/latex/oberdiek/kvoptions.sty
Package: kvoptions 2016/05/16 v3.12 Key value format for package options (HO)

(/usr/local/texlive/2018/texmf-dist/tex/generic/oberdiek/kvsetkeys.sty
Package: kvsetkeys 2016/05/16 v1.17 Key value parser (HO)

(/usr/local/texlive/2018/texmf-dist/tex/generic/oberdiek/etexcmds.sty
Package: etexcmds 2016/05/16 v1.6 Avoid name clashes with e-TeX commands (HO)

(/usr/local/texlive/2018/texmf-dist/tex/generic/oberdiek/ifluatex.sty
Package: ifluatex 2016/05/16 v1.4 Provides the ifluatex switch (HO)
Package ifluatex Info: LuaTeX not detected.
)
Package etexcmds Info: Could not find \expanded.
(etexcmds)             That can mean that you are not using pdfTeX 1.50 or
(etexcmds)             that some package has redefined \expanded.
(etexcmds)             In the latter case, load this package earlier.
)))
(/usr/local/texlive/2018/texmf-dist/tex/generic/oberdiek/pdftexcmds.sty
Package: pdftexcmds 2018/01/30 v0.27 Utility functions of pdfTeX for LuaTeX (HO
)

(/usr/local/texlive/2018/texmf-dist/tex/generic/oberdiek/ifpdf.sty
Package: ifpdf 2017/03/15 v3.2 Provides the ifpdf switch
)
Package pdftexcmds Info: LuaTeX not detected.
Package pdftexcmds Info: \pdf@primitive is available.
Package pdftexcmds Info: \pdf@ifprimitive is available.
Package pdftexcmds Info: \pdfdraftmode found.
)
Package epstopdf-base Info: Redefining graphics rule for `.eps' on input line 4
38.
Package grfext Info: Graphics extension search list:
(grfext)             [.pdf,.png,.jpg,.mps,.jpeg,.jbig2,.jb2,.PDF,.PNG,.JPG,.JPE
G,.JBIG2,.JB2,.eps]
(grfext)             \AppendGraphicsExtensions on input line 456.

(/usr/local/texlive/2018/texmf-dist/tex/latex/latexconfig/epstopdf-sys.cfg
File: epstopdf-sys.cfg 2010/07/13 v1.3 Configuration of (r)epstopdf for TeX Liv
e
))
LaTeX Font Info:    Try loading font information for U+msa on input line 13.

(/usr/local/texlive/2018/texmf-dist/tex/latex/amsfonts/umsa.fd
File: umsa.fd 2013/01/14 v3.01 AMS symbols A
)
LaTeX Font Info:    Try loading font information for U+msb on input line 13.

(/usr/local/texlive/2018/texmf-dist/tex/latex/amsfonts/umsb.fd
File: umsb.fd 2013/01/14 v3.01 AMS symbols B
) [1


{/usr/local/texlive/2018/texmf-var/fonts/map/pdftex/updmap/pdftex.map}] [2

]
(./electrodynamics1.toc [3])
\tf@toc=\write3
\openout3 = `electrodynamics1.toc'.

 (./chap01.tex [4]
Chapter 1.
[5

] [6]
Underfull \hbox (badness 10000) in paragraph at lines 82--84

 []

[7] [8] [9]) (./chap02.tex [10]
Chapter 2.

Underfull \hbox (badness 10000) in paragraph at lines 23--24

 []


Underfull \hbox (badness 10000) in paragraph at lines 25--26

 []

[11

] [12] [13] [14]
Overfull \hbox (11.57503pt too wide) detected at line 206
\OT1/cmr/m/n/10 ^^H([]) = [] [][] []\OML/cmm/m/it/10 dS[] \OMS/cmsy/m/n/10 ^^@ 
[] [][] \OML/cmm/m/it/10 ^^[\OT1/cmr/m/n/10 ([][]) [] \OML/cmm/m/it/10 dS[]
 []

[15] [16] [17] [18]
Overfull \hbox (57.99014pt too wide) detected at line 349
[][] [] \OML/cmm/m/it/10 d[]x[] \OT1/cmr/m/n/10 = [][] [] \OML/cmm/m/it/10 da[]
:
 []


Overfull \hbox (35.18106pt too wide) detected at line 354
[][] [] \OML/cmm/m/it/10 d[]x[] \OT1/cmr/m/n/10 = [][] [] \OML/cmm/m/it/10 da[]
:
 []


Underfull \hbox (badness 10000) in paragraph at lines 373--374

 []

[19] [20]
Overfull \hbox (6.42126pt too wide) detected at line 428
[][] [] \OML/cmm/m/it/10 d[]x[] \OT1/cmr/m/n/10 = [][] [] \OML/cmm/m/it/10 da[]

 []


Overfull \hbox (6.92744pt too wide) detected at line 431
[][] [] \OML/cmm/m/it/10 d[]x[] \OT1/cmr/m/n/10 = [][] [] \OML/cmm/m/it/10 da[]

 []


Overfull \hbox (199.13464pt too wide) has occurred while \output is active
\OT1/cmr/m/sl/10 2.11.  FORMAL SOLUTION OF THE POISSON EQUATION WITH BOUNDARY C
ONDITIONS. GREEN FUNCTIONS \OT1/cmr/m/n/10 21
 []

[21] [22]
Underfull \hbox (badness 10000) in paragraph at lines 503--505

 []

) (./chap03.tex
Overfull \hbox (97.67825pt too wide) has occurred while \output is active
\OT1/cmr/m/sl/10 2.12.  VARIATIONAL APPROACH TO POISSON EQUATION AND BOUNDARY C
ONDITIONS \OT1/cmr/m/n/10 23
 []

[23] [24

]
Chapter 3.
[25] [26] [27] [28]
Overfull \hbox (2.42917pt too wide) in paragraph at lines 171--171
[]\OT1/cmr/bx/n/12 Point Charge in the Pres-ence of a Con-duct-ing Sphere
 []

[29]
Underfull \hbox (badness 10000) in paragraph at lines 189--190

 []


Underfull \hbox (badness 10000) in paragraph at lines 191--192

 []


Underfull \vbox (badness 1009) has occurred while \output is active []

 [30]
Overfull \hbox (27.1037pt too wide) in alignment at lines 209--214
 [][][] []
 []

[31]
Underfull \hbox (badness 10000) in paragraph at lines 265--266

 []

[32] [33]
Overfull \hbox (47.4543pt too wide) in alignment at lines 320--324
 [][][] []
 []

[34]
Overfull \hbox (44.084pt too wide) in alignment at lines 360--366
 [][][] []
 []


Overfull \hbox (44.084pt too wide) in alignment at lines 368--374
 [][][] []
 []


Overfull \hbox (24.63667pt too wide) detected at line 379
\OT1/cmr/m/n/10 ^^H(\OML/cmm/m/it/10 z\OT1/cmr/m/n/10 ) = [][] []
 []

[35]
Overfull \hbox (13.6589pt too wide) in alignment at lines 415--418
 [][][] []
 []


Overfull \hbox (13.6589pt too wide) in alignment at lines 420--423
 [][][] []
 []

[36] [37] [38]
Underfull \hbox (badness 10000) in paragraph at lines 494--496

 []

[39]
Overfull \hbox (8.6979pt too wide) in paragraph at lines 562--562
[]\OT1/cmr/bx/n/14.4 Laplace Equa-tion in Rect-an-gu-lar Co-or-di-nates 
 []

[40]
Underfull \hbox (badness 10000) in paragraph at lines 603--604

 []


Underfull \hbox (badness 10000) in paragraph at lines 605--610

 []

[41]
Underfull \hbox (badness 10000) in paragraph at lines 667--670

 []

[42] [43]
Overfull \hbox (29.81244pt too wide) detected at line 731
\OT1/cmr/m/n/10 ^^H(\OML/cmm/m/it/10 ^^Z; ^^^\OT1/cmr/m/n/10 ) = [] [] + [] [] 
[] \OML/cmm/m/it/10 :
 []


Overfull \hbox (17.86188pt too wide) detected at line 738
\OT1/cmr/m/n/10 ^^H(\OML/cmm/m/it/10 ^^Z; ^^^\OT1/cmr/m/n/10 ) = [] [] + [] [] 
[] \OML/cmm/m/it/10 :
 []

[44]) (./chap04.tex [45] [46

]
Chapter 4.
[47]
Overfull \hbox (2.54135pt too wide) has occurred while \output is active
\OT1/cmr/m/n/10 48 \OT1/cmr/m/sl/10 CHAPTER 4.  BOUNDARY VALUE PROBLEMS IN ELEC
TROSTATICS II
 []

[48]
Overfull \hbox (0.6157pt too wide) detected at line 83
[] \OML/cmm/m/it/10 a[]\OT1/cmr/m/n/10 (\OML/cmm/m/it/10  \OT1/cmr/m/n/10 + \O
ML/cmm/m/it/10 j\OT1/cmr/m/n/10 )(\OML/cmm/m/it/10  \OT1/cmr/m/n/10 + \OML/cmm
/m/it/10 j \OMS/cmsy/m/n/10 ^^@ \OT1/cmr/m/n/10 1)\OML/cmm/m/it/10 x[] \OMS/cms
y/m/n/10 ^^@ [] \OML/cmm/m/it/10 a[]\OT1/cmr/m/n/10 (\OML/cmm/m/it/10  \OT1/cm
r/m/n/10 + \OML/cmm/m/it/10 j\OT1/cmr/m/n/10 )(\OML/cmm/m/it/10  \OT1/cmr/m/n/
10 + \OML/cmm/m/it/10 j \OT1/cmr/m/n/10 + 1)\OML/cmm/m/it/10 x[] \OT1/cmr/m/n/1
0 + \OML/cmm/m/it/10 l\OT1/cmr/m/n/10 (\OML/cmm/m/it/10 l \OT1/cmr/m/n/10 + 1) 
[] \OML/cmm/m/it/10 a[]x[] \OT1/cmr/m/n/10 = 0
 []


Overfull \hbox (2.42151pt too wide) in alignment at lines 92--96
 [][][] []
 []


Overfull \hbox (2.42151pt too wide) in alignment at lines 108--111
 [][][] []
 []

[49]
Underfull \hbox (badness 10000) in paragraph at lines 136--137

 []


Underfull \hbox (badness 10000) in paragraph at lines 145--147

 []


Underfull \hbox (badness 10000) in paragraph at lines 155--157

 []


Underfull \hbox (badness 10000) in paragraph at lines 158--159

 []


Overfull \hbox (2.54135pt too wide) has occurred while \output is active
\OT1/cmr/m/n/10 50 \OT1/cmr/m/sl/10 CHAPTER 4.  BOUNDARY VALUE PROBLEMS IN ELEC
TROSTATICS II
 []

[50] [51]
Overfull \hbox (2.54135pt too wide) has occurred while \output is active
\OT1/cmr/m/n/10 52 \OT1/cmr/m/sl/10 CHAPTER 4.  BOUNDARY VALUE PROBLEMS IN ELEC
TROSTATICS II
 []

[52] [53]
Overfull \hbox (2.54135pt too wide) has occurred while \output is active
\OT1/cmr/m/n/10 54 \OT1/cmr/m/sl/10 CHAPTER 4.  BOUNDARY VALUE PROBLEMS IN ELEC
TROSTATICS II
 []

[54]
Underfull \hbox (badness 10000) in paragraph at lines 350--352

 []

[55]
Overfull \hbox (2.54135pt too wide) has occurred while \output is active
\OT1/cmr/m/n/10 56 \OT1/cmr/m/sl/10 CHAPTER 4.  BOUNDARY VALUE PROBLEMS IN ELEC
TROSTATICS II
 []

[56] [57]
Underfull \hbox (badness 10000) in paragraph at lines 478--480

 []


Overfull \hbox (2.54135pt too wide) has occurred while \output is active
\OT1/cmr/m/n/10 58 \OT1/cmr/m/sl/10 CHAPTER 4.  BOUNDARY VALUE PROBLEMS IN ELEC
TROSTATICS II
 []

[58]) [59] (./electrodynamics1.aux)

LaTeX Warning: There were multiply-defined labels.

 ) 
Here is how much of TeX's memory you used:
 2463 strings out of 492649
 33058 string characters out of 6129622
 105787 words of memory out of 5000000
 6290 multiletter control sequences out of 15000+600000
 16561 words of font info for 61 fonts, out of 8000000 for 9000
 1141 hyphenation exceptions out of 8191
 41i,11n,25p,831b,235s stack positions out of 5000i,500n,10000p,200000b,80000s
</usr/local/texlive/2018/texmf-dist/fonts/type1/public/amsfonts/cm/cmbsy10.pf
b></usr/local/texlive/2018/texmf-dist/fonts/type1/public/amsfonts/cm/cmbx10.pfb
></usr/local/texlive/2018/texmf-dist/fonts/type1/public/amsfonts/cm/cmbx12.pfb>
</usr/local/texlive/2018/texmf-dist/fonts/type1/public/amsfonts/cm/cmbx7.pfb></
usr/local/texlive/2018/texmf-dist/fonts/type1/public/amsfonts/cm/cmex10.pfb></u
sr/local/texlive/2018/texmf-dist/fonts/type1/public/amsfonts/cm/cmmi10.pfb></us
r/local/texlive/2018/texmf-dist/fonts/type1/public/amsfonts/cm/cmmi12.pfb></usr
/local/texlive/2018/texmf-dist/fonts/type1/public/amsfonts/cm/cmmi5.pfb></usr/l
ocal/texlive/2018/texmf-dist/fonts/type1/public/amsfonts/cm/cmmi7.pfb></usr/loc
al/texlive/2018/texmf-dist/fonts/type1/public/amsfonts/cm/cmmib10.pfb></usr/loc
al/texlive/2018/texmf-dist/fonts/type1/public/amsfonts/cm/cmr10.pfb></usr/local
/texlive/2018/texmf-dist/fonts/type1/public/amsfonts/cm/cmr12.pfb></usr/local/t
exlive/2018/texmf-dist/fonts/type1/public/amsfonts/cm/cmr17.pfb></usr/local/tex
live/2018/texmf-dist/fonts/type1/public/amsfonts/cm/cmr5.pfb></usr/local/texliv
e/2018/texmf-dist/fonts/type1/public/amsfonts/cm/cmr7.pfb></usr/local/texlive/2
018/texmf-dist/fonts/type1/public/amsfonts/cm/cmsl10.pfb></usr/local/texlive/20
18/texmf-dist/fonts/type1/public/amsfonts/cm/cmsy10.pfb></usr/local/texlive/201
8/texmf-dist/fonts/type1/public/amsfonts/cm/cmsy5.pfb></usr/local/texlive/2018/
texmf-dist/fonts/type1/public/amsfonts/cm/cmsy7.pfb></usr/local/texlive/2018/te
xmf-dist/fonts/type1/public/amsfonts/cm/cmti10.pfb></usr/local/texlive/2018/tex
mf-dist/fonts/type1/public/amsfonts/cm/cmti7.pfb>
Output written on electrodynamics1.pdf (59 pages, 410694 bytes).
PDF statistics:
 279 PDF objects out of 1000 (max. 8388607)
 195 compressed objects within 2 object streams
 0 named destinations out of 1000 (max. 500000)
 1 words of extra memory for PDF output out of 10000 (max. 10000000)

